[2m12:09:19 AM[22m [31m[1m[vite][22m[39m [31mInternal server error: C:\Users\Shhab\OneDrive\Desktop\Gym-projects\Oxygen-Gym-1.1\src\pages\MemberProfilePage.tsx: Identifier 'loading' has already been declared. (134:10)

[0m [90m 132 |[31m       ]
 [90m 133 |[31m     [33m:[31m []
[31m[1m>[22m[31m[90m 134 |[31m   [36mconst[31m { loading[33m,[31m error[33m,[31m retry } [33m=[31m useLiveData(sources)
 [90m     |[31m           [31m[1m^[22m[31m
 [90m 135 |[31m
 [90m 136 |[31m   [36mconst[31m status [33m=[31m useMemo[33m<[31m[33mMemberStatus[31m[33m>[31m(
 [90m 137 |[31m     () [33m=>[31m (member [33m?[31m getMemberStatus(member[33m,[31m subs) [33m:[31m [32m'expired'[31m)[33m,[31m[0m[39m
  Plugin: [35mvite:react-babel[39m
  File: [36mC:/Users/Shhab/OneDrive/Desktop/Gym-projects/Oxygen-Gym-1.1/src/pages/MemberProfilePage.tsx[39m:134:10
[33m  132|        ]
  133|      : []
  134|    const { loading, error, retry } = useLiveData(sources)
     |            ^
  135|  
  136|    const status = useMemo<MemberStatus>([39m
      at constructor (C:\Users\Shhab\OneDrive\Desktop\Gym-projects\Oxygen-Gym-1.1\node_modules\@babel\parser\lib\index.js:365:19)
      at TypeScriptParserMixin.raise (C:\Users\Shhab\OneDrive\Desktop\Gym-projects\Oxygen-Gym-1.1\node_modules\@babel\parser\lib\index.js:6616:19)
      at TypeScriptScopeHandler.checkRedeclarationInScope (C:\Users\Shhab\OneDrive\Desktop\Gym-projects\Oxygen-Gym-1.1\node_modules\@babel\parser\lib\index.js:1619:19)
      at TypeScriptScopeHandler.declareName (C:\Users\Shhab\OneDrive\Desktop\Gym-projects\Oxygen-Gym-1.1\node_modules\@babel\parser\lib\index.js:1585:12)
      at TypeScriptScopeHandler.declareName (C:\Users\Shhab\OneDrive\Desktop\Gym-projects\Oxygen-Gym-1.1\node_modules\@babel\parser\lib\index.js:4892:11)
      at TypeScriptParserMixin.declareNameFromIdentifier (C:\Users\Shhab\OneDrive\Desktop\Gym-projects\Oxygen-Gym-1.1\node_modules\@babel\parser\lib\index.js:7584:16)
      at TypeScriptParserMixin.checkIdentifier (C:\Users\Shhab\OneDrive\Desktop\Gym-projects\Oxygen-Gym-1.1\node_modules\@babel\parser\lib\index.js:7580:12)
      at TypeScriptParserMixin.checkLVal (C:\Users\Shhab\OneDrive\Desktop\Gym-projects\Oxygen-Gym-1.1\node_modules\@babel\parser\lib\index.js:7517:12)
      at TypeScriptParserMixin.checkLVal (C:\Users\Shhab\OneDrive\Desktop\Gym-projects\Oxygen-Gym-1.1\node_modules\@babel\parser\lib\index.js:7561:12)
      at TypeScriptParserMixin.checkLVal (C:\Users\Shhab\OneDrive\Desktop\Gym-projects\Oxygen-Gym-1.1\node_modules\@babel\parser\lib\index.js:7557:16)
      at TypeScriptParserMixin.parseVarId (C:\Users\Shhab\OneDrive\Desktop\Gym-projects\Oxygen-Gym-1.1\node_modules\@babel\parser\lib\index.js:13429:10)
      at TypeScriptParserMixin.parseVarId (C:\Users\Shhab\OneDrive\Desktop\Gym-projects\Oxygen-Gym-1.1\node_modules\@babel\parser\lib\index.js:9769:11)
      at TypeScriptParserMixin.parseVar (C:\Users\Shhab\OneDrive\Desktop\Gym-projects\Oxygen-Gym-1.1\node_modules\@babel\parser\lib\index.js:13400:12)
      at TypeScriptParserMixin.parseVarStatement (C:\Users\Shhab\OneDrive\Desktop\Gym-projects\Oxygen-Gym-1.1\node_modules\@babel\parser\lib\index.js:13247:10)
      at TypeScriptParserMixin.parseVarStatement (C:\Users\Shhab\OneDrive\Desktop\Gym-projects\Oxygen-Gym-1.1\node_modules\@babel\parser\lib\index.js:9425:31)
      at TypeScriptParserMixin.parseStatementContent (C:\Users\Shhab\OneDrive\Desktop\Gym-projects\Oxygen-Gym-1.1\node_modules\@babel\parser\lib\index.js:12868:23)
      at TypeScriptParserMixin.parseStatementContent (C:\Users\Shhab\OneDrive\Desktop\Gym-projects\Oxygen-Gym-1.1\node_modules\@babel\parser\lib\index.js:9525:18)
      at TypeScriptParserMixin.parseStatementLike (C:\Users\Shhab\OneDrive\Desktop\Gym-projects\Oxygen-Gym-1.1\node_modules\@babel\parser\lib\index.js:12784:17)
      at TypeScriptParserMixin.parseStatementListItem (C:\Users\Shhab\OneDrive\Desktop\Gym-projects\Oxygen-Gym-1.1\node_modules\@babel\parser\lib\index.js:12764:17)
      at TypeScriptParserMixin.parseBlockOrModuleBlockBody (C:\Users\Shhab\OneDrive\Desktop\Gym-projects\Oxygen-Gym-1.1\node_modules\@babel\parser\lib\index.js:13333:61)
      at TypeScriptParserMixin.parseBlockBody (C:\Users\Shhab\OneDrive\Desktop\Gym-projects\Oxygen-Gym-1.1\node_modules\@babel\parser\lib\index.js:13326:10)
      at TypeScriptParserMixin.parseBlock (C:\Users\Shhab\OneDrive\Desktop\Gym-projects\Oxygen-Gym-1.1\node_modules\@babel\parser\lib\index.js:13314:10)
      at TypeScriptParserMixin.parseFunctionBody (C:\Users\Shhab\OneDrive\Desktop\Gym-projects\Oxygen-Gym-1.1\node_modules\@babel\parser\lib\index.js:12117:24)
      at TypeScriptParserMixin.parseFunctionBodyAndFinish (C:\Users\Shhab\OneDrive\Desktop\Gym-projects\Oxygen-Gym-1.1\node_modules\@babel\parser\lib\index.js:12103:10)
      at TypeScriptParserMixin.parseFunctionBodyAndFinish (C:\Users\Shhab\OneDrive\Desktop\Gym-projects\Oxygen-Gym-1.1\node_modules\@babel\parser\lib\index.js:9189:18)
      at C:\Users\Shhab\OneDrive\Desktop\Gym-projects\Oxygen-Gym-1.1\node_modules\@babel\parser\lib\index.js:13462:12
      at TypeScriptParserMixin.withSmartMixTopicForbiddingContext (C:\Users\Shhab\OneDrive\Desktop\Gym-projects\Oxygen-Gym-1.1\node_modules\@babel\parser\lib\index.js:12420:14)
      at TypeScriptParserMixin.parseFunction (C:\Users\Shhab\OneDrive\Desktop\Gym-projects\Oxygen-Gym-1.1\node_modules\@babel\parser\lib\index.js:13461:10)
      at TypeScriptParserMixin.parseFunctionStatement (C:\Users\Shhab\OneDrive\Desktop\Gym-projects\Oxygen-Gym-1.1\node_modules\@babel\parser\lib\index.js:13142:17)
      at TypeScriptParserMixin.parseStatementContent (C:\Users\Shhab\OneDrive\Desktop\Gym-projects\Oxygen-Gym-1.1\node_modules\@babel\parser\lib\index.js:12808:21)
      at TypeScriptParserMixin.parseStatementContent (C:\Users\Shhab\OneDrive\Desktop\Gym-projects\Oxygen-Gym-1.1\node_modules\@babel\parser\lib\index.js:9525:18)
      at TypeScriptParserMixin.parseStatementLike (C:\Users\Shhab\OneDrive\Desktop\Gym-projects\Oxygen-Gym-1.1\node_modules\@babel\parser\lib\index.js:12784:17)
      at TypeScriptParserMixin.parseStatementListItem (C:\Users\Shhab\OneDrive\Desktop\Gym-projects\Oxygen-Gym-1.1\node_modules\@babel\parser\lib\index.js:12764:17)
      at TypeScriptParserMixin.parseExportDeclaration (C:\Users\Shhab\OneDrive\Desktop\Gym-projects\Oxygen-Gym-1.1\node_modules\@babel\parser\lib\index.js:13951:17)
      at TypeScriptParserMixin.parseExportDeclaration (C:\Users\Shhab\OneDrive\Desktop\Gym-projects\Oxygen-Gym-1.1\node_modules\@babel\parser\lib\index.js:9646:85)
      at TypeScriptParserMixin.maybeParseExportDeclaration (C:\Users\Shhab\OneDrive\Desktop\Gym-projects\Oxygen-Gym-1.1\node_modules\@babel\parser\lib\index.js:13910:31)
      at TypeScriptParserMixin.parseExport (C:\Users\Shhab\OneDrive\Desktop\Gym-projects\Oxygen-Gym-1.1\node_modules\@babel\parser\lib\index.js:13829:29)
      at TypeScriptParserMixin.parseExport (C:\Users\Shhab\OneDrive\Desktop\Gym-projects\Oxygen-Gym-1.1\node_modules\@babel\parser\lib\index.js:9402:20)
      at TypeScriptParserMixin.parseStatementContent (C:\Users\Shhab\OneDrive\Desktop\Gym-projects\Oxygen-Gym-1.1\node_modules\@babel\parser\lib\index.js:12895:27)
      at TypeScriptParserMixin.parseStatementContent (C:\Users\Shhab\OneDrive\Desktop\Gym-projects\Oxygen-Gym-1.1\node_modules\@babel\parser\lib\index.js:9525:18)
      at TypeScriptParserMixin.parseStatementLike (C:\Users\Shhab\OneDrive\Desktop\Gym-projects\Oxygen-Gym-1.1\node_modules\@babel\parser\lib\index.js:12784:17)
      at TypeScriptParserMixin.parseModuleItem (C:\Users\Shhab\OneDrive\Desktop\Gym-projects\Oxygen-Gym-1.1\node_modules\@babel\parser\lib\index.js:12761:17)
      at TypeScriptParserMixin.parseBlockOrModuleBlockBody (C:\Users\Shhab\OneDrive\Desktop\Gym-projects\Oxygen-Gym-1.1\node_modules\@babel\parser\lib\index.js:13333:36)
      at TypeScriptParserMixin.parseBlockBody (C:\Users\Shhab\OneDrive\Desktop\Gym-projects\Oxygen-Gym-1.1\node_modules\@babel\parser\lib\index.js:13326:10)
      at TypeScriptParserMixin.parseProgram (C:\Users\Shhab\OneDrive\Desktop\Gym-projects\Oxygen-Gym-1.1\node_modules\@babel\parser\lib\index.js:12639:10)
      at TypeScriptParserMixin.parseTopLevel (C:\Users\Shhab\OneDrive\Desktop\Gym-projects\Oxygen-Gym-1.1\node_modules\@babel\parser\lib\index.js:12629:25)
      at TypeScriptParserMixin.parse (C:\Users\Shhab\OneDrive\Desktop\Gym-projects\Oxygen-Gym-1.1\node_modules\@babel\parser\lib\index.js:14505:25)
      at TypeScriptParserMixin.parse (C:\Users\Shhab\OneDrive\Desktop\Gym-projects\Oxygen-Gym-1.1\node_modules\@babel\parser\lib\index.js:10143:18)
      at parse (C:\Users\Shhab\OneDrive\Desktop\Gym-projects\Oxygen-Gym-1.1\node_modules\@babel\parser\lib\index.js:14539:38)
      at parser (C:\Users\Shhab\OneDrive\Desktop\Gym-projects\Oxygen-Gym-1.1\node_modules\@babel\core\lib\parser\index.js:41:34)
[2m12:12:03 AM[22m [31m[1m[vite][22m[39m [31mInternal server error: C:\Users\Shhab\OneDrive\Desktop\Gym-projects\Oxygen-Gym-1.1\src\pages\MemberProfilePage.tsx: Identifier 'loading' has already been declared. (134:10)

[0m [90m 132 |[31m       ]
 [90m 133 |[31m     [33m:[31m []
[31m[1m>[22m[31m[90m 134 |[31m   [36mconst[31m { loading[33m,[31m error[33m,[31m retry } [33m=[31m useLiveData(sources)
 [90m     |[31m           [31m[1m^[22m[31m
 [90m 135 |[31m
 [90m 136 |[31m   [36mconst[31m status [33m=[31m useMemo[33m<[31m[33mMemberStatus[31m[33m>[31m(
 [90m 137 |[31m     () [33m=>[31m (member [33m?[31m getMemberStatus(member[33m,[31m subs) [33m:[31m [32m'expired'[31m)[33m,[31m[0m[39m
  Plugin: [35mvite:react-babel[39m
  File: [36mC:/Users/Shhab/OneDrive/Desktop/Gym-projects/Oxygen-Gym-1.1/src/pages/MemberProfilePage.tsx[39m:134:10
[33m  132|        ]
  133|      : []
  134|    const { loading, error, retry } = useLiveData(sources)
     |            ^
  135|  
  136|    const status = useMemo<MemberStatus>([39m
      at constructor (C:\Users\Shhab\OneDrive\Desktop\Gym-projects\Oxygen-Gym-1.1\node_modules\@babel\parser\lib\index.js:365:19)
      at TypeScriptParserMixin.raise (C:\Users\Shhab\OneDrive\Desktop\Gym-projects\Oxygen-Gym-1.1\node_modules\@babel\parser\lib\index.js:6616:19)
      at TypeScriptScopeHandler.checkRedeclarationInScope (C:\Users\Shhab\OneDrive\Desktop\Gym-projects\Oxygen-Gym-1.1\node_modules\@babel\parser\lib\index.js:1619:19)
      at TypeScriptScopeHandler.declareName (C:\Users\Shhab\OneDrive\Desktop\Gym-projects\Oxygen-Gym-1.1\node_modules\@babel\parser\lib\index.js:1585:12)
      at TypeScriptScopeHandler.declareName (C:\Users\Shhab\OneDrive\Desktop\Gym-projects\Oxygen-Gym-1.1\node_modules\@babel\parser\lib\index.js:4892:11)
      at TypeScriptParserMixin.declareNameFromIdentifier (C:\Users\Shhab\OneDrive\Desktop\Gym-projects\Oxygen-Gym-1.1\node_modules\@babel\parser\lib\index.js:7584:16)
      at TypeScriptParserMixin.checkIdentifier (C:\Users\Shhab\OneDrive\Desktop\Gym-projects\Oxygen-Gym-1.1\node_modules\@babel\parser\lib\index.js:7580:12)
      at TypeScriptParserMixin.checkLVal (C:\Users\Shhab\OneDrive\Desktop\Gym-projects\Oxygen-Gym-1.1\node_modules\@babel\parser\lib\index.js:7517:12)
      at TypeScriptParserMixin.checkLVal (C:\Users\Shhab\OneDrive\Desktop\Gym-projects\Oxygen-Gym-1.1\node_modules\@babel\parser\lib\index.js:7561:12)
      at TypeScriptParserMixin.checkLVal (C:\Users\Shhab\OneDrive\Desktop\Gym-projects\Oxygen-Gym-1.1\node_modules\@babel\parser\lib\index.js:7557:16)
      at TypeScriptParserMixin.parseVarId (C:\Users\Shhab\OneDrive\Desktop\Gym-projects\Oxygen-Gym-1.1\node_modules\@babel\parser\lib\index.js:13429:10)
      at TypeScriptParserMixin.parseVarId (C:\Users\Shhab\OneDrive\Desktop\Gym-projects\Oxygen-Gym-1.1\node_modules\@babel\parser\lib\index.js:9769:11)
      at TypeScriptParserMixin.parseVar (C:\Users\Shhab\OneDrive\Desktop\Gym-projects\Oxygen-Gym-1.1\node_modules\@babel\parser\lib\index.js:13400:12)
      at TypeScriptParserMixin.parseVarStatement (C:\Users\Shhab\OneDrive\Desktop\Gym-projects\Oxygen-Gym-1.1\node_modules\@babel\parser\lib\index.js:13247:10)
      at TypeScriptParserMixin.parseVarStatement (C:\Users\Shhab\OneDrive\Desktop\Gym-projects\Oxygen-Gym-1.1\node_modules\@babel\parser\lib\index.js:9425:31)
      at TypeScriptParserMixin.parseStatementContent (C:\Users\Shhab\OneDrive\Desktop\Gym-projects\Oxygen-Gym-1.1\node_modules\@babel\parser\lib\index.js:12868:23)
      at TypeScriptParserMixin.parseStatementContent (C:\Users\Shhab\OneDrive\Desktop\Gym-projects\Oxygen-Gym-1.1\node_modules\@babel\parser\lib\index.js:9525:18)
      at TypeScriptParserMixin.parseStatementLike (C:\Users\Shhab\OneDrive\Desktop\Gym-projects\Oxygen-Gym-1.1\node_modules\@babel\parser\lib\index.js:12784:17)
      at TypeScriptParserMixin.parseStatementListItem (C:\Users\Shhab\OneDrive\Desktop\Gym-projects\Oxygen-Gym-1.1\node_modules\@babel\parser\lib\index.js:12764:17)
      at TypeScriptParserMixin.parseBlockOrModuleBlockBody (C:\Users\Shhab\OneDrive\Desktop\Gym-projects\Oxygen-Gym-1.1\node_modules\@babel\parser\lib\index.js:13333:61)
      at TypeScriptParserMixin.parseBlockBody (C:\Users\Shhab\OneDrive\Desktop\Gym-projects\Oxygen-Gym-1.1\node_modules\@babel\parser\lib\index.js:13326:10)
      at TypeScriptParserMixin.parseBlock (C:\Users\Shhab\OneDrive\Desktop\Gym-projects\Oxygen-Gym-1.1\node_modules\@babel\parser\lib\index.js:13314:10)
      at TypeScriptParserMixin.parseFunctionBody (C:\Users\Shhab\OneDrive\Desktop\Gym-projects\Oxygen-Gym-1.1\node_modules\@babel\parser\lib\index.js:12117:24)
      at TypeScriptParserMixin.parseFunctionBodyAndFinish (C:\Users\Shhab\OneDrive\Desktop\Gym-projects\Oxygen-Gym-1.1\node_modules\@babel\parser\lib\index.js:12103:10)
      at TypeScriptParserMixin.parseFunctionBodyAndFinish (C:\Users\Shhab\OneDrive\Desktop\Gym-projects\Oxygen-Gym-1.1\node_modules\@babel\parser\lib\index.js:9189:18)
      at C:\Users\Shhab\OneDrive\Desktop\Gym-projects\Oxygen-Gym-1.1\node_modules\@babel\parser\lib\index.js:13462:12
      at TypeScriptParserMixin.withSmartMixTopicForbiddingContext (C:\Users\Shhab\OneDrive\Desktop\Gym-projects\Oxygen-Gym-1.1\node_modules\@babel\parser\lib\index.js:12420:14)
      at TypeScriptParserMixin.parseFunction (C:\Users\Shhab\OneDrive\Desktop\Gym-projects\Oxygen-Gym-1.1\node_modules\@babel\parser\lib\index.js:13461:10)
      at TypeScriptParserMixin.parseFunctionStatement (C:\Users\Shhab\OneDrive\Desktop\Gym-projects\Oxygen-Gym-1.1\node_modules\@babel\parser\lib\index.js:13142:17)
      at TypeScriptParserMixin.parseStatementContent (C:\Users\Shhab\OneDrive\Desktop\Gym-projects\Oxygen-Gym-1.1\node_modules\@babel\parser\lib\index.js:12808:21)
      at TypeScriptParserMixin.parseStatementContent (C:\Users\Shhab\OneDrive\Desktop\Gym-projects\Oxygen-Gym-1.1\node_modules\@babel\parser\lib\index.js:9525:18)
      at TypeScriptParserMixin.parseStatementLike (C:\Users\Shhab\OneDrive\Desktop\Gym-projects\Oxygen-Gym-1.1\node_modules\@babel\parser\lib\index.js:12784:17)
      at TypeScriptParserMixin.parseStatementListItem (C:\Users\Shhab\OneDrive\Desktop\Gym-projects\Oxygen-Gym-1.1\node_modules\@babel\parser\lib\index.js:12764:17)
      at TypeScriptParserMixin.parseExportDeclaration (C:\Users\Shhab\OneDrive\Desktop\Gym-projects\Oxygen-Gym-1.1\node_modules\@babel\parser\lib\index.js:13951:17)
      at TypeScriptParserMixin.parseExportDeclaration (C:\Users\Shhab\OneDrive\Desktop\Gym-projects\Oxygen-Gym-1.1\node_modules\@babel\parser\lib\index.js:9646:85)
      at TypeScriptParserMixin.maybeParseExportDeclaration (C:\Users\Shhab\OneDrive\Desktop\Gym-projects\Oxygen-Gym-1.1\node_modules\@babel\parser\lib\index.js:13910:31)
      at TypeScriptParserMixin.parseExport (C:\Users\Shhab\OneDrive\Desktop\Gym-projects\Oxygen-Gym-1.1\node_modules\@babel\parser\lib\index.js:13829:29)
      at TypeScriptParserMixin.parseExport (C:\Users\Shhab\OneDrive\Desktop\Gym-projects\Oxygen-Gym-1.1\node_modules\@babel\parser\lib\index.js:9402:20)
      at TypeScriptParserMixin.parseStatementContent (C:\Users\Shhab\OneDrive\Desktop\Gym-projects\Oxygen-Gym-1.1\node_modules\@babel\parser\lib\index.js:12895:27)
      at TypeScriptParserMixin.parseStatementContent (C:\Users\Shhab\OneDrive\Desktop\Gym-projects\Oxygen-Gym-1.1\node_modules\@babel\parser\lib\index.js:9525:18)
      at TypeScriptParserMixin.parseStatementLike (C:\Users\Shhab\OneDrive\Desktop\Gym-projects\Oxygen-Gym-1.1\node_modules\@babel\parser\lib\index.js:12784:17)
      at TypeScriptParserMixin.parseModuleItem (C:\Users\Shhab\OneDrive\Desktop\Gym-projects\Oxygen-Gym-1.1\node_modules\@babel\parser\lib\index.js:12761:17)
      at TypeScriptParserMixin.parseBlockOrModuleBlockBody (C:\Users\Shhab\OneDrive\Desktop\Gym-projects\Oxygen-Gym-1.1\node_modules\@babel\parser\lib\index.js:13333:36)
      at TypeScriptParserMixin.parseBlockBody (C:\Users\Shhab\OneDrive\Desktop\Gym-projects\Oxygen-Gym-1.1\node_modules\@babel\parser\lib\index.js:13326:10)
      at TypeScriptParserMixin.parseProgram (C:\Users\Shhab\OneDrive\Desktop\Gym-projects\Oxygen-Gym-1.1\node_modules\@babel\parser\lib\index.js:12639:10)
      at TypeScriptParserMixin.parseTopLevel (C:\Users\Shhab\OneDrive\Desktop\Gym-projects\Oxygen-Gym-1.1\node_modules\@babel\parser\lib\index.js:12629:25)
      at TypeScriptParserMixin.parse (C:\Users\Shhab\OneDrive\Desktop\Gym-projects\Oxygen-Gym-1.1\node_modules\@babel\parser\lib\index.js:14505:25)
      at TypeScriptParserMixin.parse (C:\Users\Shhab\OneDrive\Desktop\Gym-projects\Oxygen-Gym-1.1\node_modules\@babel\parser\lib\index.js:10143:18)
      at parse (C:\Users\Shhab\OneDrive\Desktop\Gym-projects\Oxygen-Gym-1.1\node_modules\@babel\parser\lib\index.js:14539:38)
      at parser (C:\Users\Shhab\OneDrive\Desktop\Gym-projects\Oxygen-Gym-1.1\node_modules\@babel\core\lib\parser\index.js:41:34)
[2m12:13:50 AM[22m [31m[1m[vite][22m[39m [31mInternal server error: C:\Users\Shhab\OneDrive\Desktop\Gym-projects\Oxygen-Gym-1.1\src\pages\MemberProfilePage.tsx: Identifier 'loading' has already been declared. (134:10)

[0m [90m 132 |[31m       ]
 [90m 133 |[31m     [33m:[31m []
[31m[1m>[22m[31m[90m 134 |[31m   [36mconst[31m { loading[33m,[31m error[33m,[31m retry } [33m=[31m useLiveData(sources)
 [90m     |[31m           [31m[1m^[22m[31m
 [90m 135 |[31m
 [90m 136 |[31m   [36mconst[31m status [33m=[31m useMemo[33m<[31m[33mMemberStatus[31m[33m>[31m(
 [90m 137 |[31m     () [33m=>[31m (member [33m?[31m getMemberStatus(member[33m,[31m subs) [33m:[31m [32m'expired'[31m)[33m,[31m[0m[39m
  Plugin: [35mvite:react-babel[39m
  File: [36mC:/Users/Shhab/OneDrive/Desktop/Gym-projects/Oxygen-Gym-1.1/src/pages/MemberProfilePage.tsx[39m:134:10
[33m  132|        ]
  133|      : []
  134|    const { loading, error, retry } = useLiveData(sources)
     |            ^
  135|  
  136|    const status = useMemo<MemberStatus>([39m
      at constructor (C:\Users\Shhab\OneDrive\Desktop\Gym-projects\Oxygen-Gym-1.1\node_modules\@babel\parser\lib\index.js:365:19)
      at TypeScriptParserMixin.raise (C:\Users\Shhab\OneDrive\Desktop\Gym-projects\Oxygen-Gym-1.1\node_modules\@babel\parser\lib\index.js:6616:19)
      at TypeScriptScopeHandler.checkRedeclarationInScope (C:\Users\Shhab\OneDrive\Desktop\Gym-projects\Oxygen-Gym-1.1\node_modules\@babel\parser\lib\index.js:1619:19)
      at TypeScriptScopeHandler.declareName (C:\Users\Shhab\OneDrive\Desktop\Gym-projects\Oxygen-Gym-1.1\node_modules\@babel\parser\lib\index.js:1585:12)
      at TypeScriptScopeHandler.declareName (C:\Users\Shhab\OneDrive\Desktop\Gym-projects\Oxygen-Gym-1.1\node_modules\@babel\parser\lib\index.js:4892:11)
      at TypeScriptParserMixin.declareNameFromIdentifier (C:\Users\Shhab\OneDrive\Desktop\Gym-projects\Oxygen-Gym-1.1\node_modules\@babel\parser\lib\index.js:7584:16)
      at TypeScriptParserMixin.checkIdentifier (C:\Users\Shhab\OneDrive\Desktop\Gym-projects\Oxygen-Gym-1.1\node_modules\@babel\parser\lib\index.js:7580:12)
      at TypeScriptParserMixin.checkLVal (C:\Users\Shhab\OneDrive\Desktop\Gym-projects\Oxygen-Gym-1.1\node_modules\@babel\parser\lib\index.js:7517:12)
      at TypeScriptParserMixin.checkLVal (C:\Users\Shhab\OneDrive\Desktop\Gym-projects\Oxygen-Gym-1.1\node_modules\@babel\parser\lib\index.js:7561:12)
      at TypeScriptParserMixin.checkLVal (C:\Users\Shhab\OneDrive\Desktop\Gym-projects\Oxygen-Gym-1.1\node_modules\@babel\parser\lib\index.js:7557:16)
      at TypeScriptParserMixin.parseVarId (C:\Users\Shhab\OneDrive\Desktop\Gym-projects\Oxygen-Gym-1.1\node_modules\@babel\parser\lib\index.js:13429:10)
      at TypeScriptParserMixin.parseVarId (C:\Users\Shhab\OneDrive\Desktop\Gym-projects\Oxygen-Gym-1.1\node_modules\@babel\parser\lib\index.js:9769:11)
      at TypeScriptParserMixin.parseVar (C:\Users\Shhab\OneDrive\Desktop\Gym-projects\Oxygen-Gym-1.1\node_modules\@babel\parser\lib\index.js:13400:12)
      at TypeScriptParserMixin.parseVarStatement (C:\Users\Shhab\OneDrive\Desktop\Gym-projects\Oxygen-Gym-1.1\node_modules\@babel\parser\lib\index.js:13247:10)
      at TypeScriptParserMixin.parseVarStatement (C:\Users\Shhab\OneDrive\Desktop\Gym-projects\Oxygen-Gym-1.1\node_modules\@babel\parser\lib\index.js:9425:31)
      at TypeScriptParserMixin.parseStatementContent (C:\Users\Shhab\OneDrive\Desktop\Gym-projects\Oxygen-Gym-1.1\node_modules\@babel\parser\lib\index.js:12868:23)
      at TypeScriptParserMixin.parseStatementContent (C:\Users\Shhab\OneDrive\Desktop\Gym-projects\Oxygen-Gym-1.1\node_modules\@babel\parser\lib\index.js:9525:18)
      at TypeScriptParserMixin.parseStatementLike (C:\Users\Shhab\OneDrive\Desktop\Gym-projects\Oxygen-Gym-1.1\node_modules\@babel\parser\lib\index.js:12784:17)
      at TypeScriptParserMixin.parseStatementListItem (C:\Users\Shhab\OneDrive\Desktop\Gym-projects\Oxygen-Gym-1.1\node_modules\@babel\parser\lib\index.js:12764:17)
      at TypeScriptParserMixin.parseBlockOrModuleBlockBody (C:\Users\Shhab\OneDrive\Desktop\Gym-projects\Oxygen-Gym-1.1\node_modules\@babel\parser\lib\index.js:13333:61)
      at TypeScriptParserMixin.parseBlockBody (C:\Users\Shhab\OneDrive\Desktop\Gym-projects\Oxygen-Gym-1.1\node_modules\@babel\parser\lib\index.js:13326:10)
      at TypeScriptParserMixin.parseBlock (C:\Users\Shhab\OneDrive\Desktop\Gym-projects\Oxygen-Gym-1.1\node_modules\@babel\parser\lib\index.js:13314:10)
      at TypeScriptParserMixin.parseFunctionBody (C:\Users\Shhab\OneDrive\Desktop\Gym-projects\Oxygen-Gym-1.1\node_modules\@babel\parser\lib\index.js:12117:24)
      at TypeScriptParserMixin.parseFunctionBodyAndFinish (C:\Users\Shhab\OneDrive\Desktop\Gym-projects\Oxygen-Gym-1.1\node_modules\@babel\parser\lib\index.js:12103:10)
      at TypeScriptParserMixin.parseFunctionBodyAndFinish (C:\Users\Shhab\OneDrive\Desktop\Gym-projects\Oxygen-Gym-1.1\node_modules\@babel\parser\lib\index.js:9189:18)
      at C:\Users\Shhab\OneDrive\Desktop\Gym-projects\Oxygen-Gym-1.1\node_modules\@babel\parser\lib\index.js:13462:12
      at TypeScriptParserMixin.withSmartMixTopicForbiddingContext (C:\Users\Shhab\OneDrive\Desktop\Gym-projects\Oxygen-Gym-1.1\node_modules\@babel\parser\lib\index.js:12420:14)
      at TypeScriptParserMixin.parseFunction (C:\Users\Shhab\OneDrive\Desktop\Gym-projects\Oxygen-Gym-1.1\node_modules\@babel\parser\lib\index.js:13461:10)
      at TypeScriptParserMixin.parseFunctionStatement (C:\Users\Shhab\OneDrive\Desktop\Gym-projects\Oxygen-Gym-1.1\node_modules\@babel\parser\lib\index.js:13142:17)
      at TypeScriptParserMixin.parseStatementContent (C:\Users\Shhab\OneDrive\Desktop\Gym-projects\Oxygen-Gym-1.1\node_modules\@babel\parser\lib\index.js:12808:21)
      at TypeScriptParserMixin.parseStatementContent (C:\Users\Shhab\OneDrive\Desktop\Gym-projects\Oxygen-Gym-1.1\node_modules\@babel\parser\lib\index.js:9525:18)
      at TypeScriptParserMixin.parseStatementLike (C:\Users\Shhab\OneDrive\Desktop\Gym-projects\Oxygen-Gym-1.1\node_modules\@babel\parser\lib\index.js:12784:17)
      at TypeScriptParserMixin.parseStatementListItem (C:\Users\Shhab\OneDrive\Desktop\Gym-projects\Oxygen-Gym-1.1\node_modules\@babel\parser\lib\index.js:12764:17)
      at TypeScriptParserMixin.parseExportDeclaration (C:\Users\Shhab\OneDrive\Desktop\Gym-projects\Oxygen-Gym-1.1\node_modules\@babel\parser\lib\index.js:13951:17)
      at TypeScriptParserMixin.parseExportDeclaration (C:\Users\Shhab\OneDrive\Desktop\Gym-projects\Oxygen-Gym-1.1\node_modules\@babel\parser\lib\index.js:9646:85)
      at TypeScriptParserMixin.maybeParseExportDeclaration (C:\Users\Shhab\OneDrive\Desktop\Gym-projects\Oxygen-Gym-1.1\node_modules\@babel\parser\lib\index.js:13910:31)
      at TypeScriptParserMixin.parseExport (C:\Users\Shhab\OneDrive\Desktop\Gym-projects\Oxygen-Gym-1.1\node_modules\@babel\parser\lib\index.js:13829:29)
      at TypeScriptParserMixin.parseExport (C:\Users\Shhab\OneDrive\Desktop\Gym-projects\Oxygen-Gym-1.1\node_modules\@babel\parser\lib\index.js:9402:20)
      at TypeScriptParserMixin.parseStatementContent (C:\Users\Shhab\OneDrive\Desktop\Gym-projects\Oxygen-Gym-1.1\node_modules\@babel\parser\lib\index.js:12895:27)
      at TypeScriptParserMixin.parseStatementContent (C:\Users\Shhab\OneDrive\Desktop\Gym-projects\Oxygen-Gym-1.1\node_modules\@babel\parser\lib\index.js:9525:18)
      at TypeScriptParserMixin.parseStatementLike (C:\Users\Shhab\OneDrive\Desktop\Gym-projects\Oxygen-Gym-1.1\node_modules\@babel\parser\lib\index.js:12784:17)
      at TypeScriptParserMixin.parseModuleItem (C:\Users\Shhab\OneDrive\Desktop\Gym-projects\Oxygen-Gym-1.1\node_modules\@babel\parser\lib\index.js:12761:17)
      at TypeScriptParserMixin.parseBlockOrModuleBlockBody (C:\Users\Shhab\OneDrive\Desktop\Gym-projects\Oxygen-Gym-1.1\node_modules\@babel\parser\lib\index.js:13333:36)
      at TypeScriptParserMixin.parseBlockBody (C:\Users\Shhab\OneDrive\Desktop\Gym-projects\Oxygen-Gym-1.1\node_modules\@babel\parser\lib\index.js:13326:10)
      at TypeScriptParserMixin.parseProgram (C:\Users\Shhab\OneDrive\Desktop\Gym-projects\Oxygen-Gym-1.1\node_modules\@babel\parser\lib\index.js:12639:10)
      at TypeScriptParserMixin.parseTopLevel (C:\Users\Shhab\OneDrive\Desktop\Gym-projects\Oxygen-Gym-1.1\node_modules\@babel\parser\lib\index.js:12629:25)
      at TypeScriptParserMixin.parse (C:\Users\Shhab\OneDrive\Desktop\Gym-projects\Oxygen-Gym-1.1\node_modules\@babel\parser\lib\index.js:14505:25)
      at TypeScriptParserMixin.parse (C:\Users\Shhab\OneDrive\Desktop\Gym-projects\Oxygen-Gym-1.1\node_modules\@babel\parser\lib\index.js:10143:18)
      at parse (C:\Users\Shhab\OneDrive\Desktop\Gym-projects\Oxygen-Gym-1.1\node_modules\@babel\parser\lib\index.js:14539:38)
      at parser (C:\Users\Shhab\OneDrive\Desktop\Gym-projects\Oxygen-Gym-1.1\node_modules\@babel\core\lib\parser\index.js:41:34)
[2m12:13:50 AM[22m [31m[1m[vite][22m[39m [31m[2m(client)[22m[39m Pre-transform error: C:\Users\Shhab\OneDrive\Desktop\Gym-projects\Oxygen-Gym-1.1\src\pages\MemberProfilePage.tsx: Identifier 'loading' has already been declared. (134:10)

[0m [90m 132 |[39m       ]
 [90m 133 |[39m     [33m:[39m []
[31m[1m>[22m[39m[90m 134 |[39m   [36mconst[39m { loading[33m,[39m error[33m,[39m retry } [33m=[39m useLiveData(sources)
 [90m     |[39m           [31m[1m^[22m[39m
 [90m 135 |[39m
 [90m 136 |[39m   [36mconst[39m status [33m=[39m useMemo[33m<[39m[33mMemberStatus[39m[33m>[39m(
 [90m 137 |[39m     () [33m=>[39m (member [33m?[39m getMemberStatus(member[33m,[39m subs) [33m:[39m [32m'expired'[39m)[33m,[39m[0m
  Plugin: [35mvite:react-babel[39m
  File: [36mC:/Users/Shhab/OneDrive/Desktop/Gym-projects/Oxygen-Gym-1.1/src/pages/MemberProfilePage.tsx[39m:134:10
[33m  132|        ]
  133|      : []
  134|    const { loading, error, retry } = useLiveData(sources)
     |            ^
  135|  
  136|    const status = useMemo<MemberStatus>([39m
[2m12:14:25 AM[22m [31m[1m[vite][22m[39m [31mInternal server error: C:\Users\Shhab\OneDrive\Desktop\Gym-projects\Oxygen-Gym-1.1\src\pages\MemberProfilePage.tsx: Identifier 'loading' has already been declared. (134:10)

[0m [90m 132 |[31m       ]
 [90m 133 |[31m     [33m:[31m []
[31m[1m>[22m[31m[90m 134 |[31m   [36mconst[31m { loading[33m,[31m error[33m,[31m retry } [33m=[31m useLiveData(sources)
 [90m     |[31m           [31m[1m^[22m[31m
 [90m 135 |[31m
 [90m 136 |[31m   [36mconst[31m status [33m=[31m useMemo[33m<[31m[33mMemberStatus[31m[33m>[31m(
 [90m 137 |[31m     () [33m=>[31m (member [33m?[31m getMemberStatus(member[33m,[31m subs) [33m:[31m [32m'expired'[31m)[33m,[31m[0m[39m
  Plugin: [35mvite:react-babel[39m
  File: [36mC:/Users/Shhab/OneDrive/Desktop/Gym-projects/Oxygen-Gym-1.1/src/pages/MemberProfilePage.tsx[39m:134:10
[33m  132|        ]
  133|      : []
  134|    const { loading, error, retry } = useLiveData(sources)
     |            ^
  135|  
  136|    const status = useMemo<MemberStatus>([39m
      at constructor (C:\Users\Shhab\OneDrive\Desktop\Gym-projects\Oxygen-Gym-1.1\node_modules\@babel\parser\lib\index.js:365:19)
      at TypeScriptParserMixin.raise (C:\Users\Shhab\OneDrive\Desktop\Gym-projects\Oxygen-Gym-1.1\node_modules\@babel\parser\lib\index.js:6616:19)
      at TypeScriptScopeHandler.checkRedeclarationInScope (C:\Users\Shhab\OneDrive\Desktop\Gym-projects\Oxygen-Gym-1.1\node_modules\@babel\parser\lib\index.js:1619:19)
      at TypeScriptScopeHandler.declareName (C:\Users\Shhab\OneDrive\Desktop\Gym-projects\Oxygen-Gym-1.1\node_modules\@babel\parser\lib\index.js:1585:12)
      at TypeScriptScopeHandler.declareName (C:\Users\Shhab\OneDrive\Desktop\Gym-projects\Oxygen-Gym-1.1\node_modules\@babel\parser\lib\index.js:4892:11)
      at TypeScriptParserMixin.declareNameFromIdentifier (C:\Users\Shhab\OneDrive\Desktop\Gym-projects\Oxygen-Gym-1.1\node_modules\@babel\parser\lib\index.js:7584:16)
      at TypeScriptParserMixin.checkIdentifier (C:\Users\Shhab\OneDrive\Desktop\Gym-projects\Oxygen-Gym-1.1\node_modules\@babel\parser\lib\index.js:7580:12)
      at TypeScriptParserMixin.checkLVal (C:\Users\Shhab\OneDrive\Desktop\Gym-projects\Oxygen-Gym-1.1\node_modules\@babel\parser\lib\index.js:7517:12)
      at TypeScriptParserMixin.checkLVal (C:\Users\Shhab\OneDrive\Desktop\Gym-projects\Oxygen-Gym-1.1\node_modules\@babel\parser\lib\index.js:7561:12)
      at TypeScriptParserMixin.checkLVal (C:\Users\Shhab\OneDrive\Desktop\Gym-projects\Oxygen-Gym-1.1\node_modules\@babel\parser\lib\index.js:7557:16)
      at TypeScriptParserMixin.parseVarId (C:\Users\Shhab\OneDrive\Desktop\Gym-projects\Oxygen-Gym-1.1\node_modules\@babel\parser\lib\index.js:13429:10)
      at TypeScriptParserMixin.parseVarId (C:\Users\Shhab\OneDrive\Desktop\Gym-projects\Oxygen-Gym-1.1\node_modules\@babel\parser\lib\index.js:9769:11)
      at TypeScriptParserMixin.parseVar (C:\Users\Shhab\OneDrive\Desktop\Gym-projects\Oxygen-Gym-1.1\node_modules\@babel\parser\lib\index.js:13400:12)
      at TypeScriptParserMixin.parseVarStatement (C:\Users\Shhab\OneDrive\Desktop\Gym-projects\Oxygen-Gym-1.1\node_modules\@babel\parser\lib\index.js:13247:10)
      at TypeScriptParserMixin.parseVarStatement (C:\Users\Shhab\OneDrive\Desktop\Gym-projects\Oxygen-Gym-1.1\node_modules\@babel\parser\lib\index.js:9425:31)
      at TypeScriptParserMixin.parseStatementContent (C:\Users\Shhab\OneDrive\Desktop\Gym-projects\Oxygen-Gym-1.1\node_modules\@babel\parser\lib\index.js:12868:23)
      at TypeScriptParserMixin.parseStatementContent (C:\Users\Shhab\OneDrive\Desktop\Gym-projects\Oxygen-Gym-1.1\node_modules\@babel\parser\lib\index.js:9525:18)
      at TypeScriptParserMixin.parseStatementLike (C:\Users\Shhab\OneDrive\Desktop\Gym-projects\Oxygen-Gym-1.1\node_modules\@babel\parser\lib\index.js:12784:17)
      at TypeScriptParserMixin.parseStatementListItem (C:\Users\Shhab\OneDrive\Desktop\Gym-projects\Oxygen-Gym-1.1\node_modules\@babel\parser\lib\index.js:12764:17)
      at TypeScriptParserMixin.parseBlockOrModuleBlockBody (C:\Users\Shhab\OneDrive\Desktop\Gym-projects\Oxygen-Gym-1.1\node_modules\@babel\parser\lib\index.js:13333:61)
      at TypeScriptParserMixin.parseBlockBody (C:\Users\Shhab\OneDrive\Desktop\Gym-projects\Oxygen-Gym-1.1\node_modules\@babel\parser\lib\index.js:13326:10)
      at TypeScriptParserMixin.parseBlock (C:\Users\Shhab\OneDrive\Desktop\Gym-projects\Oxygen-Gym-1.1\node_modules\@babel\parser\lib\index.js:13314:10)
      at TypeScriptParserMixin.parseFunctionBody (C:\Users\Shhab\OneDrive\Desktop\Gym-projects\Oxygen-Gym-1.1\node_modules\@babel\parser\lib\index.js:12117:24)
      at TypeScriptParserMixin.parseFunctionBodyAndFinish (C:\Users\Shhab\OneDrive\Desktop\Gym-projects\Oxygen-Gym-1.1\node_modules\@babel\parser\lib\index.js:12103:10)
      at TypeScriptParserMixin.parseFunctionBodyAndFinish (C:\Users\Shhab\OneDrive\Desktop\Gym-projects\Oxygen-Gym-1.1\node_modules\@babel\parser\lib\index.js:9189:18)
      at C:\Users\Shhab\OneDrive\Desktop\Gym-projects\Oxygen-Gym-1.1\node_modules\@babel\parser\lib\index.js:13462:12
      at TypeScriptParserMixin.withSmartMixTopicForbiddingContext (C:\Users\Shhab\OneDrive\Desktop\Gym-projects\Oxygen-Gym-1.1\node_modules\@babel\parser\lib\index.js:12420:14)
      at TypeScriptParserMixin.parseFunction (C:\Users\Shhab\OneDrive\Desktop\Gym-projects\Oxygen-Gym-1.1\node_modules\@babel\parser\lib\index.js:13461:10)
      at TypeScriptParserMixin.parseFunctionStatement (C:\Users\Shhab\OneDrive\Desktop\Gym-projects\Oxygen-Gym-1.1\node_modules\@babel\parser\lib\index.js:13142:17)
      at TypeScriptParserMixin.parseStatementContent (C:\Users\Shhab\OneDrive\Desktop\Gym-projects\Oxygen-Gym-1.1\node_modules\@babel\parser\lib\index.js:12808:21)
      at TypeScriptParserMixin.parseStatementContent (C:\Users\Shhab\OneDrive\Desktop\Gym-projects\Oxygen-Gym-1.1\node_modules\@babel\parser\lib\index.js:9525:18)
      at TypeScriptParserMixin.parseStatementLike (C:\Users\Shhab\OneDrive\Desktop\Gym-projects\Oxygen-Gym-1.1\node_modules\@babel\parser\lib\index.js:12784:17)
      at TypeScriptParserMixin.parseStatementListItem (C:\Users\Shhab\OneDrive\Desktop\Gym-projects\Oxygen-Gym-1.1\node_modules\@babel\parser\lib\index.js:12764:17)
      at TypeScriptParserMixin.parseExportDeclaration (C:\Users\Shhab\OneDrive\Desktop\Gym-projects\Oxygen-Gym-1.1\node_modules\@babel\parser\lib\index.js:13951:17)
      at TypeScriptParserMixin.parseExportDeclaration (C:\Users\Shhab\OneDrive\Desktop\Gym-projects\Oxygen-Gym-1.1\node_modules\@babel\parser\lib\index.js:9646:85)
      at TypeScriptParserMixin.maybeParseExportDeclaration (C:\Users\Shhab\OneDrive\Desktop\Gym-projects\Oxygen-Gym-1.1\node_modules\@babel\parser\lib\index.js:13910:31)
      at TypeScriptParserMixin.parseExport (C:\Users\Shhab\OneDrive\Desktop\Gym-projects\Oxygen-Gym-1.1\node_modules\@babel\parser\lib\index.js:13829:29)
      at TypeScriptParserMixin.parseExport (C:\Users\Shhab\OneDrive\Desktop\Gym-projects\Oxygen-Gym-1.1\node_modules\@babel\parser\lib\index.js:9402:20)
      at TypeScriptParserMixin.parseStatementContent (C:\Users\Shhab\OneDrive\Desktop\Gym-projects\Oxygen-Gym-1.1\node_modules\@babel\parser\lib\index.js:12895:27)
      at TypeScriptParserMixin.parseStatementContent (C:\Users\Shhab\OneDrive\Desktop\Gym-projects\Oxygen-Gym-1.1\node_modules\@babel\parser\lib\index.js:9525:18)
      at TypeScriptParserMixin.parseStatementLike (C:\Users\Shhab\OneDrive\Desktop\Gym-projects\Oxygen-Gym-1.1\node_modules\@babel\parser\lib\index.js:12784:17)
      at TypeScriptParserMixin.parseModuleItem (C:\Users\Shhab\OneDrive\Desktop\Gym-projects\Oxygen-Gym-1.1\node_modules\@babel\parser\lib\index.js:12761:17)
      at TypeScriptParserMixin.parseBlockOrModuleBlockBody (C:\Users\Shhab\OneDrive\Desktop\Gym-projects\Oxygen-Gym-1.1\node_modules\@babel\parser\lib\index.js:13333:36)
      at TypeScriptParserMixin.parseBlockBody (C:\Users\Shhab\OneDrive\Desktop\Gym-projects\Oxygen-Gym-1.1\node_modules\@babel\parser\lib\index.js:13326:10)
      at TypeScriptParserMixin.parseProgram (C:\Users\Shhab\OneDrive\Desktop\Gym-projects\Oxygen-Gym-1.1\node_modules\@babel\parser\lib\index.js:12639:10)
      at TypeScriptParserMixin.parseTopLevel (C:\Users\Shhab\OneDrive\Desktop\Gym-projects\Oxygen-Gym-1.1\node_modules\@babel\parser\lib\index.js:12629:25)
      at TypeScriptParserMixin.parse (C:\Users\Shhab\OneDrive\Desktop\Gym-projects\Oxygen-Gym-1.1\node_modules\@babel\parser\lib\index.js:14505:25)
      at TypeScriptParserMixin.parse (C:\Users\Shhab\OneDrive\Desktop\Gym-projects\Oxygen-Gym-1.1\node_modules\@babel\parser\lib\index.js:10143:18)
      at parse (C:\Users\Shhab\OneDrive\Desktop\Gym-projects\Oxygen-Gym-1.1\node_modules\@babel\parser\lib\index.js:14539:38)
      at parser (C:\Users\Shhab\OneDrive\Desktop\Gym-projects\Oxygen-Gym-1.1\node_modules\@babel\core\lib\parser\index.js:41:34)
[2m12:14:25 AM[22m [31m[1m[vite][22m[39m [31m[2m(client)[22m[39m Pre-transform error: C:\Users\Shhab\OneDrive\Desktop\Gym-projects\Oxygen-Gym-1.1\src\pages\MemberProfilePage.tsx: Identifier 'loading' has already been declared. (134:10)

[0m [90m 132 |[39m       ]
 [90m 133 |[39m     [33m:[39m []
[31m[1m>[22m[39m[90m 134 |[39m   [36mconst[39m { loading[33m,[39m error[33m,[39m retry } [33m=[39m useLiveData(sources)
 [90m     |[39m           [31m[1m^[22m[39m
 [90m 135 |[39m
 [90m 136 |[39m   [36mconst[39m status [33m=[39m useMemo[33m<[39m[33mMemberStatus[39m[33m>[39m(
 [90m 137 |[39m     () [33m=>[39m (member [33m?[39m getMemberStatus(member[33m,[39m subs) [33m:[39m [32m'expired'[39m)[33m,[39m[0m
  Plugin: [35mvite:react-babel[39m
  File: [36mC:/Users/Shhab/OneDrive/Desktop/Gym-projects/Oxygen-Gym-1.1/src/pages/MemberProfilePage.tsx[39m:134:10
[33m  132|        ]
  133|      : []
  134|    const { loading, error, retry } = useLiveData(sources)
     |            ^
  135|  
  136|    const status = useMemo<MemberStatus>([39m
[2m12:20:13 AM[22m [31m[1m[vite][22m[39m [31mInternal server error: C:\Users\Shhab\OneDrive\Desktop\Gym-projects\Oxygen-Gym-1.1\src\pages\MemberProfilePage.tsx: Identifier 'loading' has already been declared. (134:10)

[0m [90m 132 |[31m       ]
 [90m 133 |[31m     [33m:[31m []
[31m[1m>[22m[31m[90m 134 |[31m   [36mconst[31m { loading[33m,[31m error[33m,[31m retry } [33m=[31m useLiveData(sources)
 [90m     |[31m           [31m[1m^[22m[31m
 [90m 135 |[31m
 [90m 136 |[31m   [36mconst[31m status [33m=[31m useMemo[33m<[31m[33mMemberStatus[31m[33m>[31m(
 [90m 137 |[31m     () [33m=>[31m (member [33m?[31m getMemberStatus(member[33m,[31m subs) [33m:[31m [32m'expired'[31m)[33m,[31m[0m[39m
  Plugin: [35mvite:react-babel[39m
  File: [36mC:/Users/Shhab/OneDrive/Desktop/Gym-projects/Oxygen-Gym-1.1/src/pages/MemberProfilePage.tsx[39m:134:10
[33m  132|        ]
  133|      : []
  134|    const { loading, error, retry } = useLiveData(sources)
     |            ^
  135|  
  136|    const status = useMemo<MemberStatus>([39m
      at constructor (C:\Users\Shhab\OneDrive\Desktop\Gym-projects\Oxygen-Gym-1.1\node_modules\@babel\parser\lib\index.js:365:19)
      at TypeScriptParserMixin.raise (C:\Users\Shhab\OneDrive\Desktop\Gym-projects\Oxygen-Gym-1.1\node_modules\@babel\parser\lib\index.js:6616:19)
      at TypeScriptScopeHandler.checkRedeclarationInScope (C:\Users\Shhab\OneDrive\Desktop\Gym-projects\Oxygen-Gym-1.1\node_modules\@babel\parser\lib\index.js:1619:19)
      at TypeScriptScopeHandler.declareName (C:\Users\Shhab\OneDrive\Desktop\Gym-projects\Oxygen-Gym-1.1\node_modules\@babel\parser\lib\index.js:1585:12)
      at TypeScriptScopeHandler.declareName (C:\Users\Shhab\OneDrive\Desktop\Gym-projects\Oxygen-Gym-1.1\node_modules\@babel\parser\lib\index.js:4892:11)
      at TypeScriptParserMixin.declareNameFromIdentifier (C:\Users\Shhab\OneDrive\Desktop\Gym-projects\Oxygen-Gym-1.1\node_modules\@babel\parser\lib\index.js:7584:16)
      at TypeScriptParserMixin.checkIdentifier (C:\Users\Shhab\OneDrive\Desktop\Gym-projects\Oxygen-Gym-1.1\node_modules\@babel\parser\lib\index.js:7580:12)
      at TypeScriptParserMixin.checkLVal (C:\Users\Shhab\OneDrive\Desktop\Gym-projects\Oxygen-Gym-1.1\node_modules\@babel\parser\lib\index.js:7517:12)
      at TypeScriptParserMixin.checkLVal (C:\Users\Shhab\OneDrive\Desktop\Gym-projects\Oxygen-Gym-1.1\node_modules\@babel\parser\lib\index.js:7561:12)
      at TypeScriptParserMixin.checkLVal (C:\Users\Shhab\OneDrive\Desktop\Gym-projects\Oxygen-Gym-1.1\node_modules\@babel\parser\lib\index.js:7557:16)
      at TypeScriptParserMixin.parseVarId (C:\Users\Shhab\OneDrive\Desktop\Gym-projects\Oxygen-Gym-1.1\node_modules\@babel\parser\lib\index.js:13429:10)
      at TypeScriptParserMixin.parseVarId (C:\Users\Shhab\OneDrive\Desktop\Gym-projects\Oxygen-Gym-1.1\node_modules\@babel\parser\lib\index.js:9769:11)
      at TypeScriptParserMixin.parseVar (C:\Users\Shhab\OneDrive\Desktop\Gym-projects\Oxygen-Gym-1.1\node_modules\@babel\parser\lib\index.js:13400:12)
      at TypeScriptParserMixin.parseVarStatement (C:\Users\Shhab\OneDrive\Desktop\Gym-projects\Oxygen-Gym-1.1\node_modules\@babel\parser\lib\index.js:13247:10)
      at TypeScriptParserMixin.parseVarStatement (C:\Users\Shhab\OneDrive\Desktop\Gym-projects\Oxygen-Gym-1.1\node_modules\@babel\parser\lib\index.js:9425:31)
      at TypeScriptParserMixin.parseStatementContent (C:\Users\Shhab\OneDrive\Desktop\Gym-projects\Oxygen-Gym-1.1\node_modules\@babel\parser\lib\index.js:12868:23)
      at TypeScriptParserMixin.parseStatementContent (C:\Users\Shhab\OneDrive\Desktop\Gym-projects\Oxygen-Gym-1.1\node_modules\@babel\parser\lib\index.js:9525:18)
      at TypeScriptParserMixin.parseStatementLike (C:\Users\Shhab\OneDrive\Desktop\Gym-projects\Oxygen-Gym-1.1\node_modules\@babel\parser\lib\index.js:12784:17)
      at TypeScriptParserMixin.parseStatementListItem (C:\Users\Shhab\OneDrive\Desktop\Gym-projects\Oxygen-Gym-1.1\node_modules\@babel\parser\lib\index.js:12764:17)
      at TypeScriptParserMixin.parseBlockOrModuleBlockBody (C:\Users\Shhab\OneDrive\Desktop\Gym-projects\Oxygen-Gym-1.1\node_modules\@babel\parser\lib\index.js:13333:61)
      at TypeScriptParserMixin.parseBlockBody (C:\Users\Shhab\OneDrive\Desktop\Gym-projects\Oxygen-Gym-1.1\node_modules\@babel\parser\lib\index.js:13326:10)
      at TypeScriptParserMixin.parseBlock (C:\Users\Shhab\OneDrive\Desktop\Gym-projects\Oxygen-Gym-1.1\node_modules\@babel\parser\lib\index.js:13314:10)
      at TypeScriptParserMixin.parseFunctionBody (C:\Users\Shhab\OneDrive\Desktop\Gym-projects\Oxygen-Gym-1.1\node_modules\@babel\parser\lib\index.js:12117:24)
      at TypeScriptParserMixin.parseFunctionBodyAndFinish (C:\Users\Shhab\OneDrive\Desktop\Gym-projects\Oxygen-Gym-1.1\node_modules\@babel\parser\lib\index.js:12103:10)
      at TypeScriptParserMixin.parseFunctionBodyAndFinish (C:\Users\Shhab\OneDrive\Desktop\Gym-projects\Oxygen-Gym-1.1\node_modules\@babel\parser\lib\index.js:9189:18)
      at C:\Users\Shhab\OneDrive\Desktop\Gym-projects\Oxygen-Gym-1.1\node_modules\@babel\parser\lib\index.js:13462:12
      at TypeScriptParserMixin.withSmartMixTopicForbiddingContext (C:\Users\Shhab\OneDrive\Desktop\Gym-projects\Oxygen-Gym-1.1\node_modules\@babel\parser\lib\index.js:12420:14)
      at TypeScriptParserMixin.parseFunction (C:\Users\Shhab\OneDrive\Desktop\Gym-projects\Oxygen-Gym-1.1\node_modules\@babel\parser\lib\index.js:13461:10)
      at TypeScriptParserMixin.parseFunctionStatement (C:\Users\Shhab\OneDrive\Desktop\Gym-projects\Oxygen-Gym-1.1\node_modules\@babel\parser\lib\index.js:13142:17)
      at TypeScriptParserMixin.parseStatementContent (C:\Users\Shhab\OneDrive\Desktop\Gym-projects\Oxygen-Gym-1.1\node_modules\@babel\parser\lib\index.js:12808:21)
      at TypeScriptParserMixin.parseStatementContent (C:\Users\Shhab\OneDrive\Desktop\Gym-projects\Oxygen-Gym-1.1\node_modules\@babel\parser\lib\index.js:9525:18)
      at TypeScriptParserMixin.parseStatementLike (C:\Users\Shhab\OneDrive\Desktop\Gym-projects\Oxygen-Gym-1.1\node_modules\@babel\parser\lib\index.js:12784:17)
      at TypeScriptParserMixin.parseStatementListItem (C:\Users\Shhab\OneDrive\Desktop\Gym-projects\Oxygen-Gym-1.1\node_modules\@babel\parser\lib\index.js:12764:17)
      at TypeScriptParserMixin.parseExportDeclaration (C:\Users\Shhab\OneDrive\Desktop\Gym-projects\Oxygen-Gym-1.1\node_modules\@babel\parser\lib\index.js:13951:17)
      at TypeScriptParserMixin.parseExportDeclaration (C:\Users\Shhab\OneDrive\Desktop\Gym-projects\Oxygen-Gym-1.1\node_modules\@babel\parser\lib\index.js:9646:85)
      at TypeScriptParserMixin.maybeParseExportDeclaration (C:\Users\Shhab\OneDrive\Desktop\Gym-projects\Oxygen-Gym-1.1\node_modules\@babel\parser\lib\index.js:13910:31)
      at TypeScriptParserMixin.parseExport (C:\Users\Shhab\OneDrive\Desktop\Gym-projects\Oxygen-Gym-1.1\node_modules\@babel\parser\lib\index.js:13829:29)
      at TypeScriptParserMixin.parseExport (C:\Users\Shhab\OneDrive\Desktop\Gym-projects\Oxygen-Gym-1.1\node_modules\@babel\parser\lib\index.js:9402:20)
      at TypeScriptParserMixin.parseStatementContent (C:\Users\Shhab\OneDrive\Desktop\Gym-projects\Oxygen-Gym-1.1\node_modules\@babel\parser\lib\index.js:12895:27)
      at TypeScriptParserMixin.parseStatementContent (C:\Users\Shhab\OneDrive\Desktop\Gym-projects\Oxygen-Gym-1.1\node_modules\@babel\parser\lib\index.js:9525:18)
      at TypeScriptParserMixin.parseStatementLike (C:\Users\Shhab\OneDrive\Desktop\Gym-projects\Oxygen-Gym-1.1\node_modules\@babel\parser\lib\index.js:12784:17)
      at TypeScriptParserMixin.parseModuleItem (C:\Users\Shhab\OneDrive\Desktop\Gym-projects\Oxygen-Gym-1.1\node_modules\@babel\parser\lib\index.js:12761:17)
      at TypeScriptParserMixin.parseBlockOrModuleBlockBody (C:\Users\Shhab\OneDrive\Desktop\Gym-projects\Oxygen-Gym-1.1\node_modules\@babel\parser\lib\index.js:13333:36)
      at TypeScriptParserMixin.parseBlockBody (C:\Users\Shhab\OneDrive\Desktop\Gym-projects\Oxygen-Gym-1.1\node_modules\@babel\parser\lib\index.js:13326:10)
      at TypeScriptParserMixin.parseProgram (C:\Users\Shhab\OneDrive\Desktop\Gym-projects\Oxygen-Gym-1.1\node_modules\@babel\parser\lib\index.js:12639:10)
      at TypeScriptParserMixin.parseTopLevel (C:\Users\Shhab\OneDrive\Desktop\Gym-projects\Oxygen-Gym-1.1\node_modules\@babel\parser\lib\index.js:12629:25)
      at TypeScriptParserMixin.parse (C:\Users\Shhab\OneDrive\Desktop\Gym-projects\Oxygen-Gym-1.1\node_modules\@babel\parser\lib\index.js:14505:25)
      at TypeScriptParserMixin.parse (C:\Users\Shhab\OneDrive\Desktop\Gym-projects\Oxygen-Gym-1.1\node_modules\@babel\parser\lib\index.js:10143:18)
      at parse (C:\Users\Shhab\OneDrive\Desktop\Gym-projects\Oxygen-Gym-1.1\node_modules\@babel\parser\lib\index.js:14539:38)
      at parser (C:\Users\Shhab\OneDrive\Desktop\Gym-projects\Oxygen-Gym-1.1\node_modules\@babel\core\lib\parser\index.js:41:34)
